0 info it worked if it ends with ok
1 verbose cli [ 'node', '/usr/local/bin/npm', 'install', '-g', 'mup' ]
2 info using npm@1.4.28
3 info using node@v0.10.33
4 verbose cache add [ 'mup', null ]
5 verbose cache add name=undefined spec="mup" args=["mup",null]
6 verbose parsed url { protocol: null,
6 verbose parsed url   slashes: null,
6 verbose parsed url   auth: null,
6 verbose parsed url   host: null,
6 verbose parsed url   port: null,
6 verbose parsed url   hostname: null,
6 verbose parsed url   hash: null,
6 verbose parsed url   search: null,
6 verbose parsed url   query: null,
6 verbose parsed url   pathname: 'mup',
6 verbose parsed url   path: 'mup',
6 verbose parsed url   href: 'mup' }
7 silly lockFile 19bdb584-mup mup
8 verbose lock mup /Users/SimonRai/.npm/19bdb584-mup.lock
9 silly lockFile 19bdb584-mup mup
10 silly lockFile 19bdb584-mup mup
11 verbose addNamed [ 'mup', '' ]
12 verbose addNamed [ null, '*' ]
13 silly lockFile 49f77549-mup mup@
14 verbose lock mup@ /Users/SimonRai/.npm/49f77549-mup.lock
15 silly addNameRange { name: 'mup', range: '*', hasData: false }
16 verbose request where is /mup
17 verbose request registry https://registry.npmjs.org/
18 verbose request id 62acbbd98c056424
19 verbose url raw /mup
20 verbose url resolving [ 'https://registry.npmjs.org/', './mup' ]
21 verbose url resolved https://registry.npmjs.org/mup
22 verbose request where is https://registry.npmjs.org/mup
23 info trying registry request attempt 1 at 17:28:13
24 verbose etag "P8VR6BD5MZ6B8B2ZPI8I8EKU"
25 http GET https://registry.npmjs.org/mup
26 http 304 https://registry.npmjs.org/mup
27 silly registry.get cb [ 304,
27 silly registry.get   { date: 'Sun, 30 Nov 2014 01:28:13 GMT',
27 silly registry.get     server: 'Apache',
27 silly registry.get     via: '1.1 varnish',
27 silly registry.get     'last-modified': 'Sun, 30 Nov 2014 01:28:14 GMT',
27 silly registry.get     'cache-control': 'max-age=60',
27 silly registry.get     etag: '"P8VR6BD5MZ6B8B2ZPI8I8EKU"',
27 silly registry.get     age: '0',
27 silly registry.get     'x-served-by': 'cache-sjc3128-SJC',
27 silly registry.get     'x-cache': 'MISS',
27 silly registry.get     'x-cache-hits': '0',
27 silly registry.get     'x-timer': 'S1417310893.973996,VS0,VE153',
27 silly registry.get     vary: 'Accept',
27 silly registry.get     'content-length': '0',
27 silly registry.get     'keep-alive': 'timeout=10, max=50',
27 silly registry.get     connection: 'Keep-Alive' } ]
28 verbose etag https://registry.npmjs.org/mup from cache
29 silly addNameRange number 2 { name: 'mup', range: '*', hasData: true }
30 silly addNameRange versions [ 'mup',
30 silly addNameRange   [ '0.1.2',
30 silly addNameRange     '0.1.3',
30 silly addNameRange     '0.1.4',
30 silly addNameRange     '0.1.5',
30 silly addNameRange     '0.1.6',
30 silly addNameRange     '0.1.7',
30 silly addNameRange     '0.1.8',
30 silly addNameRange     '0.1.9',
30 silly addNameRange     '0.1.10',
30 silly addNameRange     '0.1.11',
30 silly addNameRange     '0.1.12',
30 silly addNameRange     '0.1.13',
30 silly addNameRange     '0.2.0',
30 silly addNameRange     '0.3.0',
30 silly addNameRange     '0.4.0',
30 silly addNameRange     '0.4.1',
30 silly addNameRange     '0.4.2',
30 silly addNameRange     '0.4.3',
30 silly addNameRange     '0.4.4',
30 silly addNameRange     '0.4.5',
30 silly addNameRange     '0.4.6',
30 silly addNameRange     '0.4.7',
30 silly addNameRange     '0.5.0',
30 silly addNameRange     '0.5.1',
30 silly addNameRange     '0.5.2',
30 silly addNameRange     '0.5.3',
30 silly addNameRange     '0.6.0',
30 silly addNameRange     '0.6.1',
30 silly addNameRange     '0.6.3',
30 silly addNameRange     '0.6.4',
30 silly addNameRange     '0.6.5',
30 silly addNameRange     '0.6.7',
30 silly addNameRange     '0.6.8',
30 silly addNameRange     '0.6.9',
30 silly addNameRange     '0.6.10',
30 silly addNameRange     '0.6.11',
30 silly addNameRange     '0.6.12',
30 silly addNameRange     '0.7.0' ] ]
31 verbose addNamed [ 'mup', '0.7.0' ]
32 verbose addNamed [ '0.7.0', '0.7.0' ]
33 silly lockFile fcb8ca41-mup-0-7-0 mup@0.7.0
34 verbose lock mup@0.7.0 /Users/SimonRai/.npm/fcb8ca41-mup-0-7-0.lock
35 silly lockFile fcb8ca41-mup-0-7-0 mup@0.7.0
36 silly lockFile fcb8ca41-mup-0-7-0 mup@0.7.0
37 silly lockFile 49f77549-mup mup@
38 silly lockFile 49f77549-mup mup@
39 silly resolved [ { name: 'mup',
39 silly resolved     version: '0.7.0',
39 silly resolved     description: 'Production Quality Meteor Deployments',
39 silly resolved     dependencies:
39 silly resolved      { nodemiral: '0.3.x',
39 silly resolved        cjson: '0.3.x',
39 silly resolved        uuid: '1.4.x',
39 silly resolved        colors: '0.6.x',
39 silly resolved        rimraf: '2.x.x' },
39 silly resolved     bin: { mup: './bin/mup' },
39 silly resolved     author:
39 silly resolved      { name: 'Arunoda Susiripala',
39 silly resolved        email: 'arunoda.susiripala@gmail.com' },
39 silly resolved     repository: { type: 'git', url: 'git://github.com/arunoda/meteor-up.git' },
39 silly resolved     license: 'MIT',
39 silly resolved     gitHead: '8a78f080eab74a177df5a476f65cc5f73bd9002a',
39 silly resolved     bugs: { url: 'https://github.com/arunoda/meteor-up/issues' },
39 silly resolved     homepage: 'https://github.com/arunoda/meteor-up',
39 silly resolved     _id: 'mup@0.7.0',
39 silly resolved     scripts: {},
39 silly resolved     _shasum: '7df853bd3c8757a6723271b41d3a5bc9a2144a48',
39 silly resolved     _from: 'mup@',
39 silly resolved     _npmVersion: '1.4.28',
39 silly resolved     _npmUser: { name: 'arunoda', email: 'arunoda.susiripala@gmail.com' },
39 silly resolved     maintainers: [ [Object] ],
39 silly resolved     dist:
39 silly resolved      { shasum: '7129b67c6c981d5838c51b8cf9d64104d94b5477',
39 silly resolved        tarball: 'http://registry.npmjs.org/mup/-/mup-0.7.0.tgz' },
39 silly resolved     directories: {},
39 silly resolved     _resolved: 'https://registry.npmjs.org/mup/-/mup-0.7.0.tgz',
39 silly resolved     readme: 'ERROR: No README data found!' } ]
40 info install mup@0.7.0 into /usr/local/lib
41 info installOne mup@0.7.0
42 verbose lib/node_modules/mup unbuild
43 verbose tar unpack /Users/SimonRai/.npm/mup/0.7.0/package.tgz
44 silly lockFile de4b26ee-r-usr-local-lib-node-modules-mup tar:///usr/local/lib/node_modules/mup
45 verbose lock tar:///usr/local/lib/node_modules/mup /Users/SimonRai/.npm/de4b26ee-r-usr-local-lib-node-modules-mup.lock
46 silly lockFile 42d8f5ea-monRai-npm-mup-0-7-0-package-tgz tar:///Users/SimonRai/.npm/mup/0.7.0/package.tgz
47 verbose lock tar:///Users/SimonRai/.npm/mup/0.7.0/package.tgz /Users/SimonRai/.npm/42d8f5ea-monRai-npm-mup-0-7-0-package-tgz.lock
48 silly gunzTarPerm modes [ '755', '644' ]
49 error Error: EACCES, mkdir '/usr/local/lib/node_modules/mup'
49 error  { [Error: EACCES, mkdir '/usr/local/lib/node_modules/mup']
49 error   errno: 3,
49 error   code: 'EACCES',
49 error   path: '/usr/local/lib/node_modules/mup',
49 error   fstream_type: 'Directory',
49 error   fstream_path: '/usr/local/lib/node_modules/mup',
49 error   fstream_class: 'DirWriter',
49 error   fstream_stack:
49 error    [ '/usr/local/lib/node_modules/npm/node_modules/fstream/lib/dir-writer.js:36:23',
49 error      '/usr/local/lib/node_modules/npm/node_modules/mkdirp/index.js:46:53',
49 error      'Object.oncomplete (fs.js:107:15)' ] }
50 error Please try running this command again as root/Administrator.
51 error System Darwin 14.0.0
52 error command "node" "/usr/local/bin/npm" "install" "-g" "mup"
53 error cwd /Users/SimonRai/Documents/telescope
54 error node -v v0.10.33
55 error npm -v 1.4.28
56 error path /usr/local/lib/node_modules/mup
57 error fstream_path /usr/local/lib/node_modules/mup
58 error fstream_type Directory
59 error fstream_class DirWriter
60 error code EACCES
61 error errno 3
62 error stack Error: EACCES, mkdir '/usr/local/lib/node_modules/mup'
63 error fstream_stack /usr/local/lib/node_modules/npm/node_modules/fstream/lib/dir-writer.js:36:23
63 error fstream_stack /usr/local/lib/node_modules/npm/node_modules/mkdirp/index.js:46:53
63 error fstream_stack Object.oncomplete (fs.js:107:15)
64 verbose exit [ 3, true ]
